<?xml version="1.0" encoding="UTF-8"?>
<testng-results total="1" passed="1" failed="0" skipped="0">
  <reporter-output>
  </reporter-output>
  <suite started-at="2021-11-25T18:43:07Z" name="Default suite" finished-at="2021-11-25T18:43:16Z" duration-ms="9146">
    <groups>
    </groups>
    <test started-at="2021-11-25T18:43:07Z" name="Default test" finished-at="2021-11-25T18:43:16Z" duration-ms="9146">
      <class name="testsCases.FileUploasDemo2">
        <test-method is-config="true" signature="setup()[pri:0, instance:testsCases.FileUploasDemo2@2d9caaeb]" started-at="2021-11-25T19:43:07Z" name="setup" finished-at="2021-11-25T19:43:12Z" duration-ms="5169" status="PASS">
          <reporter-output>
          </reporter-output>
        </test-method> <!-- setup -->
        <test-method signature="robTest()[pri:0, instance:testsCases.FileUploasDemo2@2d9caaeb]" started-at="2021-11-25T19:43:12Z" name="robTest" finished-at="2021-11-25T19:43:15Z" duration-ms="3294" status="PASS">
          <reporter-output>
          </reporter-output>
        </test-method> <!-- robTest -->
        <test-method is-config="true" signature="tearDown()[pri:0, instance:testsCases.FileUploasDemo2@2d9caaeb]" started-at="2021-11-25T19:43:15Z" name="tearDown" finished-at="2021-11-25T19:43:16Z" duration-ms="664" status="PASS">
          <reporter-output>
          </reporter-output>
        </test-method> <!-- tearDown -->
      </class> <!-- testsCases.FileUploasDemo2 -->
    </test> <!-- Default test -->
  </suite> <!-- Default suite -->
</testng-results>
